C:\Program Files\Microsoft Visual Studio\2022\Community\MSBuild\Microsoft\VC\v170\Microsoft.CppBuild.targets(531,5): warning MSB8028: Das Zwischenverzeichnis (x64\Debug\) enthält freigegebene Dateien aus einem anderen Projekt (Game.vcxproj). Dies kann zu einem falschen Bereinigungs- und Neuerstellungsverhalten führen.
  Menu.cpp
C:\Users\Administrator\Source\Repos\Game\Game\Menu.cpp(17,34): warning C4244: "=": Konvertierung von "T" in "T", möglicher Datenverlust
C:\Users\Administrator\Source\Repos\Game\Game\Menu.cpp(17,34): warning C4244:         with
C:\Users\Administrator\Source\Repos\Game\Game\Menu.cpp(17,34): warning C4244:         [
C:\Users\Administrator\Source\Repos\Game\Game\Menu.cpp(17,34): warning C4244:             T=unsigned int
C:\Users\Administrator\Source\Repos\Game\Game\Menu.cpp(17,34): warning C4244:         ]
C:\Users\Administrator\Source\Repos\Game\Game\Menu.cpp(17,34): warning C4244:         and
C:\Users\Administrator\Source\Repos\Game\Game\Menu.cpp(17,34): warning C4244:         [
C:\Users\Administrator\Source\Repos\Game\Game\Menu.cpp(17,34): warning C4244:             T=float
C:\Users\Administrator\Source\Repos\Game\Game\Menu.cpp(17,34): warning C4244:         ]
C:\Users\Administrator\Source\Repos\Game\Game\Menu.cpp(18,31): warning C4244: "=": Konvertierung von "const T" in "T", möglicher Datenverlust
C:\Users\Administrator\Source\Repos\Game\Game\Menu.cpp(18,31): warning C4244:         with
C:\Users\Administrator\Source\Repos\Game\Game\Menu.cpp(18,31): warning C4244:         [
C:\Users\Administrator\Source\Repos\Game\Game\Menu.cpp(18,31): warning C4244:             T=unsigned int
C:\Users\Administrator\Source\Repos\Game\Game\Menu.cpp(18,31): warning C4244:         ]
C:\Users\Administrator\Source\Repos\Game\Game\Menu.cpp(18,31): warning C4244:         and
C:\Users\Administrator\Source\Repos\Game\Game\Menu.cpp(18,31): warning C4244:         [
C:\Users\Administrator\Source\Repos\Game\Game\Menu.cpp(18,31): warning C4244:             T=float
C:\Users\Administrator\Source\Repos\Game\Game\Menu.cpp(18,31): warning C4244:         ]
C:\Users\Administrator\Source\Repos\Game\Game\Menu.cpp(28,56): warning C4244: "Argument": Konvertierung von "double" in "T", möglicher Datenverlust
C:\Users\Administrator\Source\Repos\Game\Game\Menu.cpp(28,56): warning C4244:         with
C:\Users\Administrator\Source\Repos\Game\Game\Menu.cpp(28,56): warning C4244:         [
C:\Users\Administrator\Source\Repos\Game\Game\Menu.cpp(28,56): warning C4244:             T=float
C:\Users\Administrator\Source\Repos\Game\Game\Menu.cpp(28,56): warning C4244:         ]
C:\Users\Administrator\Source\Repos\Game\Game\Menu.cpp(35,67): warning C4244: "Argument": Konvertierung von "int" in "T", möglicher Datenverlust
C:\Users\Administrator\Source\Repos\Game\Game\Menu.cpp(35,67): warning C4244:         with
C:\Users\Administrator\Source\Repos\Game\Game\Menu.cpp(35,67): warning C4244:         [
C:\Users\Administrator\Source\Repos\Game\Game\Menu.cpp(35,67): warning C4244:             T=float
C:\Users\Administrator\Source\Repos\Game\Game\Menu.cpp(35,67): warning C4244:         ]
C:\Users\Administrator\Source\Repos\Game\Game\Menu.cpp(35,56): warning C4244: "Argument": Konvertierung von "double" in "T", möglicher Datenverlust
C:\Users\Administrator\Source\Repos\Game\Game\Menu.cpp(35,56): warning C4244:         with
C:\Users\Administrator\Source\Repos\Game\Game\Menu.cpp(35,56): warning C4244:         [
C:\Users\Administrator\Source\Repos\Game\Game\Menu.cpp(35,56): warning C4244:             T=float
C:\Users\Administrator\Source\Repos\Game\Game\Menu.cpp(35,56): warning C4244:         ]
C:\Users\Administrator\Source\Repos\Game\Game\Menu.cpp(51,34): warning C4244: "=": Konvertierung von "T" in "T", möglicher Datenverlust
C:\Users\Administrator\Source\Repos\Game\Game\Menu.cpp(51,34): warning C4244:         with
C:\Users\Administrator\Source\Repos\Game\Game\Menu.cpp(51,34): warning C4244:         [
C:\Users\Administrator\Source\Repos\Game\Game\Menu.cpp(51,34): warning C4244:             T=unsigned int
C:\Users\Administrator\Source\Repos\Game\Game\Menu.cpp(51,34): warning C4244:         ]
C:\Users\Administrator\Source\Repos\Game\Game\Menu.cpp(51,34): warning C4244:         and
C:\Users\Administrator\Source\Repos\Game\Game\Menu.cpp(51,34): warning C4244:         [
C:\Users\Administrator\Source\Repos\Game\Game\Menu.cpp(51,34): warning C4244:             T=float
C:\Users\Administrator\Source\Repos\Game\Game\Menu.cpp(51,34): warning C4244:         ]
C:\Users\Administrator\Source\Repos\Game\Game\Menu.cpp(52,31): warning C4244: "=": Konvertierung von "const T" in "T", möglicher Datenverlust
C:\Users\Administrator\Source\Repos\Game\Game\Menu.cpp(52,31): warning C4244:         with
C:\Users\Administrator\Source\Repos\Game\Game\Menu.cpp(52,31): warning C4244:         [
C:\Users\Administrator\Source\Repos\Game\Game\Menu.cpp(52,31): warning C4244:             T=unsigned int
C:\Users\Administrator\Source\Repos\Game\Game\Menu.cpp(52,31): warning C4244:         ]
C:\Users\Administrator\Source\Repos\Game\Game\Menu.cpp(52,31): warning C4244:         and
C:\Users\Administrator\Source\Repos\Game\Game\Menu.cpp(52,31): warning C4244:         [
C:\Users\Administrator\Source\Repos\Game\Game\Menu.cpp(52,31): warning C4244:             T=float
C:\Users\Administrator\Source\Repos\Game\Game\Menu.cpp(52,31): warning C4244:         ]
  Game.vcxproj -> C:\Users\Administrator\Source\Repos\Game\x64\Debug\Pong.exe
